2016-11-22 22:31:00.187  INFO 5188 --- [main] app.appinitialize.Application            : Starting Application on JISTSUEM-MSI with PID 5188 (C:\Users\pongpat705\Documents\workspace-sts-3.8.2.RELEASE\gs-spring-boot-complete\target\classes started by pongpat705 in C:\Users\pongpat705\Documents\workspace-sts-3.8.2.RELEASE\gs-spring-boot-complete)
2016-11-22 22:31:00.189  INFO 5188 --- [main] app.appinitialize.Application            : No active profile set, falling back to default profiles: default
2016-11-22 22:31:00.256  INFO 5188 --- [main] ationConfigEmbeddedWebApplicationContext : Refreshing org.springframework.boot.context.embedded.AnnotationConfigEmbeddedWebApplicationContext@28ca36f8: startup date [Tue Nov 22 22:31:00 GMT+07:00 2016]; root of context hierarchy
2016-11-22 22:31:01.721  INFO 5188 --- [main] s.b.c.e.t.TomcatEmbeddedServletContainer : Tomcat initialized with port(s): 8080 (http)
2016-11-22 22:31:01.735  INFO 5188 --- [main] o.apache.catalina.core.StandardService   : Starting service Tomcat
2016-11-22 22:31:01.737  INFO 5188 --- [main] org.apache.catalina.core.StandardEngine  : Starting Servlet Engine: Apache Tomcat/8.5.6
2016-11-22 22:31:01.807  INFO 5188 --- [localhost-startStop-1] o.a.c.c.C.[Tomcat].[localhost].[/]       : Initializing Spring embedded WebApplicationContext
2016-11-22 22:31:01.807  INFO 5188 --- [localhost-startStop-1] o.s.web.context.ContextLoader            : Root WebApplicationContext: initialization completed in 1553 ms
2016-11-22 22:31:02.036  INFO 5188 --- [localhost-startStop-1] o.s.b.w.servlet.ServletRegistrationBean  : Mapping servlet: 'dispatcherServlet' to [/]
2016-11-22 22:31:02.039  INFO 5188 --- [localhost-startStop-1] o.s.b.w.servlet.FilterRegistrationBean   : Mapping filter: 'metricsFilter' to: [/*]
2016-11-22 22:31:02.039  INFO 5188 --- [localhost-startStop-1] o.s.b.w.servlet.FilterRegistrationBean   : Mapping filter: 'characterEncodingFilter' to: [/*]
2016-11-22 22:31:02.039  INFO 5188 --- [localhost-startStop-1] o.s.b.w.servlet.FilterRegistrationBean   : Mapping filter: 'hiddenHttpMethodFilter' to: [/*]
2016-11-22 22:31:02.039  INFO 5188 --- [localhost-startStop-1] o.s.b.w.servlet.FilterRegistrationBean   : Mapping filter: 'httpPutFormContentFilter' to: [/*]
2016-11-22 22:31:02.039  INFO 5188 --- [localhost-startStop-1] o.s.b.w.servlet.FilterRegistrationBean   : Mapping filter: 'requestContextFilter' to: [/*]
2016-11-22 22:31:02.039  INFO 5188 --- [localhost-startStop-1] o.s.b.w.servlet.FilterRegistrationBean   : Mapping filter: 'webRequestLoggingFilter' to: [/*]
2016-11-22 22:31:02.039  INFO 5188 --- [localhost-startStop-1] o.s.b.w.servlet.FilterRegistrationBean   : Mapping filter: 'applicationContextIdFilter' to: [/*]
2016-11-22 22:31:02.205  INFO 5188 --- [main] app.service.impl.KeyLoaderImpl           : Finsihed loading key store
2016-11-22 22:31:02.524  INFO 5188 --- [main] s.w.s.m.m.a.RequestMappingHandlerAdapter : Looking for @ControllerAdvice: org.springframework.boot.context.embedded.AnnotationConfigEmbeddedWebApplicationContext@28ca36f8: startup date [Tue Nov 22 22:31:00 GMT+07:00 2016]; root of context hierarchy
2016-11-22 22:31:02.584  INFO 5188 --- [main] s.w.s.m.m.a.RequestMappingHandlerMapping : Mapped "{[/service/encrypt/{passcode}],methods=[GET]}" onto public java.lang.String app.controller.DeviceController.encrypt(java.lang.String) throws java.lang.Exception
2016-11-22 22:31:02.585  INFO 5188 --- [main] s.w.s.m.m.a.RequestMappingHandlerMapping : Mapped "{[/service/createKeystore],methods=[GET]}" onto public void app.controller.DeviceController.createKeystore() throws java.lang.Exception
2016-11-22 22:31:02.585  INFO 5188 --- [main] s.w.s.m.m.a.RequestMappingHandlerMapping : Mapped "{[/service/genSubKey],methods=[GET]}" onto public void app.controller.DeviceController.genSubKey() throws java.lang.Exception
2016-11-22 22:31:02.585  INFO 5188 --- [main] s.w.s.m.m.a.RequestMappingHandlerMapping : Mapped "{[/]}" onto public java.lang.String app.controller.HelloController.index()
2016-11-22 22:31:02.587  INFO 5188 --- [main] s.w.s.m.m.a.RequestMappingHandlerMapping : Mapped "{[/error]}" onto public org.springframework.http.ResponseEntity<java.util.Map<java.lang.String, java.lang.Object>> org.springframework.boot.autoconfigure.web.BasicErrorController.error(javax.servlet.http.HttpServletRequest)
2016-11-22 22:31:02.588  INFO 5188 --- [main] s.w.s.m.m.a.RequestMappingHandlerMapping : Mapped "{[/error],produces=[text/html]}" onto public org.springframework.web.servlet.ModelAndView org.springframework.boot.autoconfigure.web.BasicErrorController.errorHtml(javax.servlet.http.HttpServletRequest,javax.servlet.http.HttpServletResponse)
2016-11-22 22:31:02.621  INFO 5188 --- [main] o.s.w.s.handler.SimpleUrlHandlerMapping  : Mapped URL path [/webjars/**] onto handler of type [class org.springframework.web.servlet.resource.ResourceHttpRequestHandler]
2016-11-22 22:31:02.621  INFO 5188 --- [main] o.s.w.s.handler.SimpleUrlHandlerMapping  : Mapped URL path [/**] onto handler of type [class org.springframework.web.servlet.resource.ResourceHttpRequestHandler]
2016-11-22 22:31:02.660  INFO 5188 --- [main] o.s.w.s.handler.SimpleUrlHandlerMapping  : Mapped URL path [/**/favicon.ico] onto handler of type [class org.springframework.web.servlet.resource.ResourceHttpRequestHandler]
2016-11-22 22:31:02.973  INFO 5188 --- [main] o.s.b.a.e.mvc.EndpointHandlerMapping     : Mapped "{[/mappings || /mappings.json],methods=[GET],produces=[application/json]}" onto public java.lang.Object org.springframework.boot.actuate.endpoint.mvc.EndpointMvcAdapter.invoke()
2016-11-22 22:31:02.974  INFO 5188 --- [main] o.s.b.a.e.mvc.EndpointHandlerMapping     : Mapped "{[/beans || /beans.json],methods=[GET],produces=[application/json]}" onto public java.lang.Object org.springframework.boot.actuate.endpoint.mvc.EndpointMvcAdapter.invoke()
2016-11-22 22:31:02.974  INFO 5188 --- [main] o.s.b.a.e.mvc.EndpointHandlerMapping     : Mapped "{[/autoconfig || /autoconfig.json],methods=[GET],produces=[application/json]}" onto public java.lang.Object org.springframework.boot.actuate.endpoint.mvc.EndpointMvcAdapter.invoke()
2016-11-22 22:31:02.975  INFO 5188 --- [main] o.s.b.a.e.mvc.EndpointHandlerMapping     : Mapped "{[/heapdump || /heapdump.json],methods=[GET],produces=[application/octet-stream]}" onto public void org.springframework.boot.actuate.endpoint.mvc.HeapdumpMvcEndpoint.invoke(boolean,javax.servlet.http.HttpServletRequest,javax.servlet.http.HttpServletResponse) throws java.io.IOException,javax.servlet.ServletException
2016-11-22 22:31:02.976  INFO 5188 --- [main] o.s.b.a.e.mvc.EndpointHandlerMapping     : Mapped "{[/env/{name:.*}],methods=[GET],produces=[application/json]}" onto public java.lang.Object org.springframework.boot.actuate.endpoint.mvc.EnvironmentMvcEndpoint.value(java.lang.String)
2016-11-22 22:31:02.980  INFO 5188 --- [main] o.s.b.a.e.mvc.EndpointHandlerMapping     : Mapped "{[/env || /env.json],methods=[GET],produces=[application/json]}" onto public java.lang.Object org.springframework.boot.actuate.endpoint.mvc.EndpointMvcAdapter.invoke()
2016-11-22 22:31:02.981  INFO 5188 --- [main] o.s.b.a.e.mvc.EndpointHandlerMapping     : Mapped "{[/trace || /trace.json],methods=[GET],produces=[application/json]}" onto public java.lang.Object org.springframework.boot.actuate.endpoint.mvc.EndpointMvcAdapter.invoke()
2016-11-22 22:31:02.982  INFO 5188 --- [main] o.s.b.a.e.mvc.EndpointHandlerMapping     : Mapped "{[/logfile || /logfile.json],methods=[GET || HEAD]}" onto public void org.springframework.boot.actuate.endpoint.mvc.LogFileMvcEndpoint.invoke(javax.servlet.http.HttpServletRequest,javax.servlet.http.HttpServletResponse) throws javax.servlet.ServletException,java.io.IOException
2016-11-22 22:31:02.985  INFO 5188 --- [main] o.s.b.a.e.mvc.EndpointHandlerMapping     : Mapped "{[/dump || /dump.json],methods=[GET],produces=[application/json]}" onto public java.lang.Object org.springframework.boot.actuate.endpoint.mvc.EndpointMvcAdapter.invoke()
2016-11-22 22:31:02.986  INFO 5188 --- [main] o.s.b.a.e.mvc.EndpointHandlerMapping     : Mapped "{[/metrics/{name:.*}],methods=[GET],produces=[application/json]}" onto public java.lang.Object org.springframework.boot.actuate.endpoint.mvc.MetricsMvcEndpoint.value(java.lang.String)
2016-11-22 22:31:02.987  INFO 5188 --- [main] o.s.b.a.e.mvc.EndpointHandlerMapping     : Mapped "{[/metrics || /metrics.json],methods=[GET],produces=[application/json]}" onto public java.lang.Object org.springframework.boot.actuate.endpoint.mvc.EndpointMvcAdapter.invoke()
2016-11-22 22:31:02.987  INFO 5188 --- [main] o.s.b.a.e.mvc.EndpointHandlerMapping     : Mapped "{[/configprops || /configprops.json],methods=[GET],produces=[application/json]}" onto public java.lang.Object org.springframework.boot.actuate.endpoint.mvc.EndpointMvcAdapter.invoke()
2016-11-22 22:31:02.988  INFO 5188 --- [main] o.s.b.a.e.mvc.EndpointHandlerMapping     : Mapped "{[/info || /info.json],methods=[GET],produces=[application/json]}" onto public java.lang.Object org.springframework.boot.actuate.endpoint.mvc.EndpointMvcAdapter.invoke()
2016-11-22 22:31:02.994  INFO 5188 --- [main] o.s.b.a.e.mvc.EndpointHandlerMapping     : Mapped "{[/health || /health.json],produces=[application/json]}" onto public java.lang.Object org.springframework.boot.actuate.endpoint.mvc.HealthMvcEndpoint.invoke(java.security.Principal)
2016-11-22 22:31:03.194  INFO 5188 --- [main] o.s.j.e.a.AnnotationMBeanExporter        : Registering beans for JMX exposure on startup
2016-11-22 22:31:03.202  INFO 5188 --- [main] o.s.c.support.DefaultLifecycleProcessor  : Starting beans in phase 0
2016-11-22 22:31:03.321  INFO 5188 --- [main] s.b.c.e.t.TomcatEmbeddedServletContainer : Tomcat started on port(s): 8080 (http)
2016-11-22 22:31:03.326  INFO 5188 --- [main] app.appinitialize.Application            : Started Application in 3.596 seconds (JVM running for 3.955)
2016-11-22 22:34:03.671  INFO 5188 --- [RMI TCP Connection(2)-192.168.43.39] inMXBeanRegistrar$SpringApplicationAdmin : Application shutdown requested.
2016-11-22 22:34:03.671  INFO 5188 --- [RMI TCP Connection(2)-192.168.43.39] ationConfigEmbeddedWebApplicationContext : Closing org.springframework.boot.context.embedded.AnnotationConfigEmbeddedWebApplicationContext@28ca36f8: startup date [Tue Nov 22 22:31:00 GMT+07:00 2016]; root of context hierarchy
2016-11-22 22:34:03.673  INFO 5188 --- [RMI TCP Connection(2)-192.168.43.39] o.s.c.support.DefaultLifecycleProcessor  : Stopping beans in phase 0
2016-11-22 22:34:03.677  INFO 5188 --- [RMI TCP Connection(2)-192.168.43.39] o.s.j.e.a.AnnotationMBeanExporter        : Unregistering JMX-exposed beans on shutdown
